
**** 12/04/19 10:31:03 *********** Evaluation PSpice (Nov 1999) **************

 * C:\Users\Maja-FESB\Documents\Schematicpreslusavanje.sch


 ****     CIRCUIT DESCRIPTION


******************************************************************************




* Schematics Version 9.1 - Web Update 1
* Tue Dec 19 12:41:55 2017



** Analysis setup **
.ac DEC 101 10 10000.00K


* From [PSPICE NETLIST] section of pspiceev.ini:
.lib "nom.lib"

.INC "Schematicpreslusavanje.net"

**** INCLUDING Schematicpreslusavanje.net ****
* Schematics Netlist *



V_V1         $N_0001 0 DC 0V AC 1V 
R_R1         $N_0001 $N_0002  500  
R_R3         0 $N_0003  500  
R_R4         0 $N_0004  500  
R_R2         0 $N_0005  500  
X_T1         $N_0002 $N_0003 $N_0005 $N_0004 T2coupled 
+ PARAMS: R=15 L=175n G=9u C=70p LM=17n CM=100p LEN=20

**** RESUMING Schematicpreslusavanje.cir ****
.INC "Schematicpreslusavanje.als"



**** INCLUDING Schematicpreslusavanje.als ****
* Schematics Aliases *

.ALIASES
V_V1            V1(+=$N_0001 -=0 )
R_R1            R1(1=$N_0001 2=$N_0002 )
R_R3            R3(1=0 2=$N_0003 )
R_R4            R4(1=0 2=$N_0004 )
R_R2            R2(1=0 2=$N_0005 )
X_T1            T1(in1=$N_0002 in2=$N_0003 out1=$N_0005 out2=$N_0004 )
.ENDALIASES


**** RESUMING Schematicpreslusavanje.cir ****
.probe


.END

**** 12/04/19 10:31:03 *********** Evaluation PSpice (Nov 1999) **************

 * C:\Users\Maja-FESB\Documents\Schematicpreslusavanje.sch


 ****     SMALL SIGNAL BIAS SOLUTION       TEMPERATURE =   27.000 DEG C


******************************************************************************



 NODE   VOLTAGE     NODE   VOLTAGE     NODE   VOLTAGE     NODE   VOLTAGE


($N_0001)    0.0000                   ($N_0002)    0.0000                       

($N_0003)    0.0000                   ($N_0004)    0.0000                       

($N_0005)    0.0000                   




    VOLTAGE SOURCE CURRENTS
    NAME         CURRENT

    V_V1         0.000E+00

    TOTAL POWER DISSIPATION   0.00E+00  WATTS



          JOB CONCLUDED

          TOTAL JOB TIME             .02
